Arguments: 
  /usr/local/bin/node /usr/local/Cellar/yarn/1.5.1_1/libexec/bin/yarn.js dev

PATH: 
  /usr/local/bin:/usr/bin:/bin:/usr/sbin:/sbin:/usr/local/munki

Yarn version: 
  1.5.1

Node version: 
  8.9.4

Platform: 
  darwin x64

npm manifest: 
  {
    "name": "tantiveiv",
    "version": "0.0.1",
    "description": "A code camp project, an application for student study",
    "main": "app.js",
    "scripts": {
      "dev-start" : "nodemon app.js",
      "setup": "yarn && cd servers/file && yarn && cd ../web && yarn && cd ../.. && yarn dev",
      "dev": "concurrently --kill-others --prefix {[name]} --names api,file,web -c yellow,blue,green \"yarn start-dev\" \"cd servers/file && yarn start-dev\" \"cd servers/web && yarn start-dev\"",
      "test": "test"
    },
    "keywords": [
      "codeCamp",
      "student",
      "study"
    ],
    "author": "Braysen Goodwin",
    "license": "ISC"
  }

yarn manifest: 
  No manifest

Lockfile: 
  No lockfile

Trace: 
  Error: Command failed.
  Exit code: 1
  Command: sh
  Arguments: -c concurrently --kill-others --prefix {[name]} --names api,file,web -c yellow,blue,green "yarn start-dev" "cd servers/file && yarn start-dev" "cd servers/web && yarn start-dev"
  Directory: /Users/BraysenGoodwin/Desktop/TantiveIV
  Output:
  
      at ProcessTermError.MessageError (/usr/local/Cellar/yarn/1.5.1_1/libexec/lib/cli.js:186:110)
      at new ProcessTermError (/usr/local/Cellar/yarn/1.5.1_1/libexec/lib/cli.js:226:113)
      at ChildProcess.<anonymous> (/usr/local/Cellar/yarn/1.5.1_1/libexec/lib/cli.js:30281:17)
      at emitTwo (events.js:126:13)
      at ChildProcess.emit (events.js:214:7)
      at maybeClose (internal/child_process.js:925:16)
      at Process.ChildProcess._handle.onexit (internal/child_process.js:209:5)
