Arguments: 
  /usr/local/bin/node /usr/local/Cellar/yarn/1.5.1_1/libexec/bin/yarn.js dev-start

PATH: 
  /Users/BraysenGoodwin/Desktop/TantiveIV/node_modules/.bin:/Users/BraysenGoodwin/.config/yarn/link/node_modules/.bin:/Users/BraysenGoodwin/Desktop/TantiveIV/node_modules/.bin:/Users/BraysenGoodwin/.config/yarn/link/node_modules/.bin:/usr/local/libexec/lib/node_modules/npm/bin/node-gyp-bin:/usr/local/lib/node_modules/npm/bin/node-gyp-bin:/usr/local/bin/node_modules/npm/bin/node-gyp-bin:/usr/local/bin:/usr/bin:/bin:/usr/sbin:/sbin:/usr/local/munki

Yarn version: 
  1.5.1

Node version: 
  8.9.4

Platform: 
  darwin x64

npm manifest: 
  {
    "name": "study-web",
    "version": "0.1.0",
    "private": true,
    "scripts": {
      "dev-start" : "npm run serve",
      "serve": "vue-cli-service serve --open",
      "build": "vue-cli-service build",
      "lint": "vue-cli-service lint"
    },
    "dependencies": {
      "bootstrap": "^4.1.0",
      "jquery": "^3.3.1",
      "popper.js": "^1.14.3",
      "vue": "^2.5.13"
    },
    "devDependencies": {
      "@vue/cli-plugin-babel": "^3.0.0-beta.6",
      "@vue/cli-plugin-eslint": "^3.0.0-beta.6",
      "@vue/cli-service": "^3.0.0-beta.6",
      "vue-template-compiler": "^2.5.13"
    },
    "babel": {
      "presets": [
        "@vue/app"
      ]
    },
    "eslintConfig": {
      "root": true,
      "extends": [
        "plugin:vue/essential",
        "eslint:recommended"
      ]
    },
    "postcss": {
      "plugins": {
        "autoprefixer": {}
      }
    },
    "browserslist": [
      "> 1%",
      "last 2 versions",
      "not ie <= 8"
    ]
  }

yarn manifest: 
  No manifest

Lockfile: 
  No lockfile

Trace: 
  Error: Command failed.
  Exit code: 1
  Command: sh
  Arguments: -c npm run serve
  Directory: /Users/BraysenGoodwin/Desktop/TantiveIV/servers/web
  Output:
  
      at ProcessTermError.MessageError (/usr/local/Cellar/yarn/1.5.1_1/libexec/lib/cli.js:186:110)
      at new ProcessTermError (/usr/local/Cellar/yarn/1.5.1_1/libexec/lib/cli.js:226:113)
      at ChildProcess.<anonymous> (/usr/local/Cellar/yarn/1.5.1_1/libexec/lib/cli.js:30281:17)
      at emitTwo (events.js:126:13)
      at ChildProcess.emit (events.js:214:7)
      at maybeClose (internal/child_process.js:925:16)
      at Process.ChildProcess._handle.onexit (internal/child_process.js:209:5)
